The system is: Windows - 10.0.22621 - AMD64
Compiling the C compiler identification source file "CMakeCCompilerId.c" succeeded.
Compiler:  
Build flags: 
Id flags:  

The output was:
0
Version MSBuild 17.7.2+d6990bcfa pour .NET Framework
La génération a démarré 12/10/2023 18:14:03.

Projet "E:\Documents\Code\Projets\GluOS\build\CMakeFiles\3.25.2\CompilerIdC\CompilerIdC.vcxproj" sur le nœud 1 (cibles par défaut).
PrepareForBuild:
  Création du répertoire "Debug\".
  Création du répertoire "Debug\CompilerIdC.tlog\".
InitializeBuildStatus:
  Création de "Debug\CompilerIdC.tlog\unsuccessfulbuild", car "AlwaysCreate" a été spécifié.
  Mise à jour de l'horodatage "Debug\CompilerIdC.tlog\unsuccessfulbuild".
ClCompile:
  E:\Applications\Visual Studio\IDE\VC\Tools\MSVC\14.37.32822\bin\HostX86\x86\CL.exe /c /nologo /W0 /WX- /diagnostics:column /Od /Oy- /D _MBCS /Gm- /EHsc /RTC1 /MDd /GS /fp:precise /Zc:wchar_t /Zc:forScope /Zc:inline /Fo"Debug\\" /Fd"Debug\vc143.pdb" /external:W0 /Gd /TC /analyze- /FC /errorReport:queue CMakeCCompilerId.c
  CMakeCCompilerId.c
Link:
  E:\Applications\Visual Studio\IDE\VC\Tools\MSVC\14.37.32822\bin\HostX86\x86\link.exe /ERRORREPORT:QUEUE /OUT:".\CompilerIdC.exe" /INCREMENTAL:NO /NOLOGO kernel32.lib user32.lib gdi32.lib winspool.lib comdlg32.lib advapi32.lib shell32.lib ole32.lib oleaut32.lib uuid.lib odbc32.lib odbccp32.lib /MANIFEST /MANIFESTUAC:"level='asInvoker' uiAccess='false'" /manifest:embed /PDB:".\CompilerIdC.pdb" /SUBSYSTEM:CONSOLE /TLBID:1 /DYNAMICBASE /NXCOMPAT /IMPLIB:".\CompilerIdC.lib" /MACHINE:X86 /SAFESEH Debug\CMakeCCompilerId.obj
  CompilerIdC.vcxproj -> E:\Documents\Code\Projets\GluOS\build\CMakeFiles\3.25.2\CompilerIdC\CompilerIdC.exe
PostBuildEvent:
  for %%i in (cl.exe) do @echo CMAKE_C_COMPILER=%%~$PATH:i
  :VCEnd
  CMAKE_C_COMPILER=E:\Applications\Visual Studio\IDE\VC\Tools\MSVC\14.37.32822\bin\Hostx86\x86\cl.exe
FinalizeBuildStatus:
  Suppression du fichier "Debug\CompilerIdC.tlog\unsuccessfulbuild".
  Mise à jour de l'horodatage "Debug\CompilerIdC.tlog\CompilerIdC.lastbuildstate".
Génération du projet "E:\Documents\Code\Projets\GluOS\build\CMakeFiles\3.25.2\CompilerIdC\CompilerIdC.vcxproj" terminée (cibles par défaut).

La génération a réussi.
    0 Avertissement(s)
    0 Erreur(s)

Temps écoulé 00:00:04.93


Compilation of the C compiler identification source "CMakeCCompilerId.c" produced "CompilerIdC.exe"

Compilation of the C compiler identification source "CMakeCCompilerId.c" produced "CompilerIdC.vcxproj"

The C compiler identification is MSVC, found in "E:/Documents/Code/Projets/GluOS/build/CMakeFiles/3.25.2/CompilerIdC/CompilerIdC.exe"

Detecting C compiler ABI info compiled with the following output:
Change Dir: E:/Documents/Code/Projets/GluOS/build/CMakeFiles/CMakeScratch/TryCompile-79c6rf

Run Build Command(s):E:/Applications/Visual Studio/IDE/MSBuild/Current/Bin/amd64/MSBuild.exe cmTC_bfddb.vcxproj /p:Configuration=Debug /p:Platform=win32 /p:VisualStudioVersion=17.0 /v:m && Version MSBuild 17.7.2+d6990bcfa pour .NET Framework

  Compilateur d'optimisation Microsoft (R) C/C++ version 19.37.32824 pour x86
  CMakeCCompilerABI.c
  Copyright (C) Microsoft Corporation. Tous droits réservés.
  cl /c /Zi /W3 /WX- /diagnostics:column /Od /Ob0 /Oy- /D _MBCS /D WIN32 /D _WINDOWS /D "CMAKE_INTDIR=\"Debug\"" /Gm- /RTC1 /MDd /GS /fp:precise /Zc:wchar_t /Zc:forScope /Zc:inline /Fo"cmTC_bfddb.dir\Debug\\" /Fd"cmTC_bfddb.dir\Debug\vc143.pdb" /external:W3 /Gd /TC /analyze- /errorReport:queue "C:\Program Files\CMake\share\cmake-3.25\Modules\CMakeCCompilerABI.c"
  cmTC_bfddb.vcxproj -> E:\Documents\Code\Projets\GluOS\build\CMakeFiles\CMakeScratch\TryCompile-79c6rf\Debug\cmTC_bfddb.exe



